

Started HEAD "/" for 127.0.0.1 at 2014-08-12 20:00:28 +0200
Processing by Rails::WelcomeController#index as HTML
  Rendered vendor/ruby/2.1.0/gems/railties-4.1.4/lib/rails/templates/rails/welcome/index.html.erb (1.6ms)
Completed 200 OK in 8ms (Views: 8.0ms | ActiveRecord: 0.0ms)


Started GET "/" for 127.0.0.1 at 2014-08-12 20:00:34 +0200
Processing by Rails::WelcomeController#index as HTML
  Rendered vendor/ruby/2.1.0/gems/railties-4.1.4/lib/rails/templates/rails/welcome/index.html.erb (0.0ms)
Completed 200 OK in 1ms (Views: 0.8ms | ActiveRecord: 0.0ms)
  [1m[36m (1.2ms)[0m  [1mCREATE TABLE "schema_migrations" ("version" varchar(255) NOT NULL) [0m
  [1m[35m (0.1ms)[0m  select sqlite_version(*)
  [1m[36m (0.8ms)[0m  [1mCREATE UNIQUE INDEX "unique_schema_migrations" ON "schema_migrations" ("version")[0m
  [1m[35mActiveRecord::SchemaMigration Load (0.1ms)[0m  SELECT "schema_migrations".* FROM "schema_migrations"
Migrating to CreateAccountEntries (20140830122017)
  [1m[36m (0.1ms)[0m  [1mbegin transaction[0m
  [1m[35m (0.4ms)[0m  CREATE TABLE "account_entries" ("id" INTEGER PRIMARY KEY AUTOINCREMENT NOT NULL, "ammount" float, "created_at" datetime, "updated_at" datetime) 
  [1m[36mSQL (0.2ms)[0m  [1mINSERT INTO "schema_migrations" ("version") VALUES (?)[0m  [["version", "20140830122017"]]
  [1m[35m (0.7ms)[0m  commit transaction
  [1m[36mActiveRecord::SchemaMigration Load (0.1ms)[0m  [1mSELECT "schema_migrations".* FROM "schema_migrations"[0m


Started GET "/account_entries" for 127.0.0.1 at 2014-08-30 14:23:54 +0200
  [1m[36mActiveRecord::SchemaMigration Load (0.1ms)[0m  [1mSELECT "schema_migrations".* FROM "schema_migrations"[0m

ActionController::RoutingError (No route matches [GET] "/account_entries"):
  vendor/ruby/2.1.0actionpack (4.1.4) lib/action_dispatch/middleware/debug_exceptions.rb:21:in `call'
  vendor/ruby/2.1.0actionpack (4.1.4) lib/action_dispatch/middleware/show_exceptions.rb:30:in `call'
  vendor/ruby/2.1.0railties (4.1.4) lib/rails/rack/logger.rb:38:in `call_app'
  vendor/ruby/2.1.0railties (4.1.4) lib/rails/rack/logger.rb:20:in `block in call'
  vendor/ruby/2.1.0activesupport (4.1.4) lib/active_support/tagged_logging.rb:68:in `block in tagged'
  vendor/ruby/2.1.0activesupport (4.1.4) lib/active_support/tagged_logging.rb:26:in `tagged'
  vendor/ruby/2.1.0activesupport (4.1.4) lib/active_support/tagged_logging.rb:68:in `tagged'
  vendor/ruby/2.1.0railties (4.1.4) lib/rails/rack/logger.rb:20:in `call'
  vendor/ruby/2.1.0actionpack (4.1.4) lib/action_dispatch/middleware/request_id.rb:21:in `call'
  vendor/ruby/2.1.0rack (1.5.2) lib/rack/runtime.rb:17:in `call'
  vendor/ruby/2.1.0activesupport (4.1.4) lib/active_support/cache/strategy/local_cache_middleware.rb:26:in `call'
  vendor/ruby/2.1.0rack (1.5.2) lib/rack/lock.rb:17:in `call'
  vendor/ruby/2.1.0actionpack (4.1.4) lib/action_dispatch/middleware/static.rb:64:in `call'
  vendor/ruby/2.1.0railties (4.1.4) lib/rails/engine.rb:514:in `call'
  vendor/ruby/2.1.0railties (4.1.4) lib/rails/application.rb:144:in `call'
  vendor/ruby/2.1.0rack (1.5.2) lib/rack/lock.rb:17:in `call'
  vendor/ruby/2.1.0rack (1.5.2) lib/rack/content_length.rb:14:in `call'
  vendor/ruby/2.1.0rack (1.5.2) lib/rack/handler/webrick.rb:60:in `service'
  /Users/farruco/.rbenv/versions/2.1.2/lib/ruby/2.1.0/webrick/httpserver.rb:138:in `service'
  /Users/farruco/.rbenv/versions/2.1.2/lib/ruby/2.1.0/webrick/httpserver.rb:94:in `run'
  /Users/farruco/.rbenv/versions/2.1.2/lib/ruby/2.1.0/webrick/server.rb:295:in `block in start_thread'


  Rendered vendor/ruby/2.1.0/gems/actionpack-4.1.4/lib/action_dispatch/middleware/templates/rescues/_trace.html.erb (1.1ms)
  Rendered vendor/ruby/2.1.0/gems/actionpack-4.1.4/lib/action_dispatch/middleware/templates/routes/_route.html.erb (0.7ms)
  Rendered vendor/ruby/2.1.0/gems/actionpack-4.1.4/lib/action_dispatch/middleware/templates/routes/_table.html.erb (7.4ms)
  Rendered vendor/ruby/2.1.0/gems/actionpack-4.1.4/lib/action_dispatch/middleware/templates/rescues/routing_error.html.erb within rescues/layout (27.4ms)


Started GET "/account_entries/index" for 127.0.0.1 at 2014-08-30 14:24:08 +0200
Processing by AccountEntriesController#index as */*
Completed 200 OK in 0ms (ActiveRecord: 0.0ms)
  [1m[36mActiveRecord::SchemaMigration Load (0.1ms)[0m  [1mSELECT "schema_migrations".* FROM "schema_migrations"[0m
Migrating to RenameAccountEntriesModel (20140830122845)
  [1m[35m (0.1ms)[0m  begin transaction
  [1m[36m (0.4ms)[0m  [1mALTER TABLE "account_entries" RENAME TO "accounting_entries"[0m
  [1m[35mSQL (0.2ms)[0m  INSERT INTO "schema_migrations" ("version") VALUES (?)  [["version", "20140830122845"]]
  [1m[36m (9.4ms)[0m  [1mcommit transaction[0m
  [1m[35mActiveRecord::SchemaMigration Load (0.2ms)[0m  SELECT "schema_migrations".* FROM "schema_migrations"


Started GET "/account_entries" for 127.0.0.1 at 2014-08-30 14:31:22 +0200
  [1m[36mActiveRecord::SchemaMigration Load (0.1ms)[0m  [1mSELECT "schema_migrations".* FROM "schema_migrations"[0m

ActionController::RoutingError (No route matches [GET] "/account_entries"):
  vendor/ruby/2.1.0actionpack (4.1.4) lib/action_dispatch/middleware/debug_exceptions.rb:21:in `call'
  vendor/ruby/2.1.0actionpack (4.1.4) lib/action_dispatch/middleware/show_exceptions.rb:30:in `call'
  vendor/ruby/2.1.0railties (4.1.4) lib/rails/rack/logger.rb:38:in `call_app'
  vendor/ruby/2.1.0railties (4.1.4) lib/rails/rack/logger.rb:20:in `block in call'
  vendor/ruby/2.1.0activesupport (4.1.4) lib/active_support/tagged_logging.rb:68:in `block in tagged'
  vendor/ruby/2.1.0activesupport (4.1.4) lib/active_support/tagged_logging.rb:26:in `tagged'
  vendor/ruby/2.1.0activesupport (4.1.4) lib/active_support/tagged_logging.rb:68:in `tagged'
  vendor/ruby/2.1.0railties (4.1.4) lib/rails/rack/logger.rb:20:in `call'
  vendor/ruby/2.1.0actionpack (4.1.4) lib/action_dispatch/middleware/request_id.rb:21:in `call'
  vendor/ruby/2.1.0rack (1.5.2) lib/rack/runtime.rb:17:in `call'
  vendor/ruby/2.1.0activesupport (4.1.4) lib/active_support/cache/strategy/local_cache_middleware.rb:26:in `call'
  vendor/ruby/2.1.0rack (1.5.2) lib/rack/lock.rb:17:in `call'
  vendor/ruby/2.1.0actionpack (4.1.4) lib/action_dispatch/middleware/static.rb:64:in `call'
  vendor/ruby/2.1.0railties (4.1.4) lib/rails/engine.rb:514:in `call'
  vendor/ruby/2.1.0railties (4.1.4) lib/rails/application.rb:144:in `call'
  vendor/ruby/2.1.0rack (1.5.2) lib/rack/lock.rb:17:in `call'
  vendor/ruby/2.1.0rack (1.5.2) lib/rack/content_length.rb:14:in `call'
  vendor/ruby/2.1.0rack (1.5.2) lib/rack/handler/webrick.rb:60:in `service'
  /Users/farruco/.rbenv/versions/2.1.2/lib/ruby/2.1.0/webrick/httpserver.rb:138:in `service'
  /Users/farruco/.rbenv/versions/2.1.2/lib/ruby/2.1.0/webrick/httpserver.rb:94:in `run'
  /Users/farruco/.rbenv/versions/2.1.2/lib/ruby/2.1.0/webrick/server.rb:295:in `block in start_thread'


  Rendered vendor/ruby/2.1.0/gems/actionpack-4.1.4/lib/action_dispatch/middleware/templates/rescues/_trace.html.erb (0.8ms)
  Rendered vendor/ruby/2.1.0/gems/actionpack-4.1.4/lib/action_dispatch/middleware/templates/routes/_route.html.erb (0.6ms)
  Rendered vendor/ruby/2.1.0/gems/actionpack-4.1.4/lib/action_dispatch/middleware/templates/routes/_table.html.erb (4.4ms)
  Rendered vendor/ruby/2.1.0/gems/actionpack-4.1.4/lib/action_dispatch/middleware/templates/rescues/routing_error.html.erb within rescues/layout (16.5ms)


Started GET "/accounting_entries" for 127.0.0.1 at 2014-08-30 14:31:33 +0200
Processing by AccountingEntriesController#index as */*
Completed 200 OK in 0ms (ActiveRecord: 0.0ms)
